2013-12-05 15:33:41,230 [Worker-5] INFO  o.e.m.c.i.p.ProjectConfigurationManager - Collecting project info '/pom.xml' /home/landi/Escritorio/Nico/Informatorio/Java/practServlet/Ejer2/pom.xml
2013-12-05 15:33:46,588 [Worker-5] INFO  o.e.m.c.i.l.LifecycleMappingFactory - Using org.maven.ide.eclipse.wtp.WarLifecycleMapping lifecycle mapping for MavenProject: nico:Ejer2:0.0.1-SNAPSHOT @ /home/landi/Escritorio/Nico/Informatorio/Java/practServlet/Ejer2/pom.xml.
2013-12-05 15:33:47,900 [Worker-5] INFO  o.e.m.j.i.AbstractJavaProjectConfigurator - Adding source folder /Ejer2/src/main/java
2013-12-05 15:33:47,901 [Worker-5] INFO  o.e.m.j.i.AbstractJavaProjectConfigurator - Adding resource folder /Ejer2/src/main/resources
2013-12-05 15:33:47,905 [Worker-5] INFO  o.e.m.j.i.AbstractJavaProjectConfigurator - Adding source folder /Ejer2/src/test/java
2013-12-05 15:33:47,941 [Worker-13] INFO  o.e.m.c.i.l.LifecycleMappingFactory - Using org.maven.ide.eclipse.wtp.WarLifecycleMapping lifecycle mapping for MavenProject: nico:Ejer2:0.0.1-SNAPSHOT @ /home/landi/Escritorio/Nico/Informatorio/Java/practServlet/Ejer2/pom.xml.
2013-12-05 15:34:15,163 [Worker-5] INFO  o.e.m.c.i.p.ProjectConfigurationManager - Project import completed 33 sec
2013-12-05 15:34:20,058 [Worker-12] INFO  o.e.m.c.i.l.LifecycleMappingFactory - Using org.maven.ide.eclipse.wtp.WarLifecycleMapping lifecycle mapping for MavenProject: nico:Ejer2:0.0.1-SNAPSHOT @ /home/landi/Escritorio/Nico/Informatorio/Java/practServlet/Ejer2/pom.xml.
2013-12-05 15:34:20,684 [Worker-12] WARN  o.e.m.c.i.embedder.EclipseLogger - Using platform encoding (UTF-8 actually) to copy filtered resources, i.e. build is platform dependent!
2013-12-05 15:34:20,799 [Worker-12] INFO  o.e.m.c.i.embedder.EclipseLogger - Copying 0 resource
2013-12-05 15:34:20,809 [Worker-12] WARN  o.e.m.c.i.embedder.EclipseLogger - Using platform encoding (UTF-8 actually) to copy filtered resources, i.e. build is platform dependent!
2013-12-05 15:34:20,811 [Worker-12] INFO  o.e.m.c.i.embedder.EclipseLogger - skip non existing resourceDirectory /home/landi/Escritorio/Nico/Informatorio/Java/practServlet/Ejer2/src/test/resources
2013-12-05 15:38:24,320 [Worker-5] INFO  o.e.m.c.i.l.LifecycleMappingFactory - Using org.maven.ide.eclipse.wtp.WarLifecycleMapping lifecycle mapping for MavenProject: nico:Ejer2:0.0.1-SNAPSHOT @ /home/landi/Escritorio/Nico/Informatorio/Java/practServlet/Ejer2/pom.xml.
2013-12-05 15:38:24,698 [Worker-5] INFO  c.n.h.c.p.n.NettyAsyncHttpProvider - Number of application's worked threads is 4
2013-12-05 15:39:05,209 [Worker-5] INFO  o.e.m.c.i.e.AbstractTransferListenerAdapter - Downloaded http://repo.maven.apache.org/maven2/org/apache/tomcat/maven/tomcat7-maven-plugin/2.0/tomcat7-maven-plugin-2.0.pom
2013-12-05 15:39:05,236 [Worker-5] WARN  o.e.m.c.i.embedder.EclipseLogger - Failed to retrieve plugin descriptor for org.apache.tomcat.maven:tomcat7-maven-plugin:2.0: Plugin org.apache.tomcat.maven:tomcat7-maven-plugin:2.0 or one of its dependencies could not be resolved: Failed to read artifact descriptor for org.apache.tomcat.maven:tomcat7-maven-plugin:jar:2.0
2013-12-05 15:39:05,239 [Worker-5] WARN  o.e.m.c.i.embedder.EclipseLogger - Failed to retrieve plugin descriptor for org.apache.tomcat.maven:tomcat7-maven-plugin:2.0: Plugin org.apache.tomcat.maven:tomcat7-maven-plugin:2.0 or one of its dependencies could not be resolved: Failed to read artifact descriptor for org.apache.tomcat.maven:tomcat7-maven-plugin:jar:2.0
2013-12-05 15:39:05,448 [Worker-5] WARN  o.e.m.c.i.embedder.EclipseLogger - Using platform encoding (UTF-8 actually) to copy filtered resources, i.e. build is platform dependent!
2013-12-05 15:39:05,456 [Worker-5] INFO  o.e.m.c.i.embedder.EclipseLogger - Copying 0 resource
2013-12-05 15:39:05,461 [Worker-5] WARN  o.e.m.c.i.embedder.EclipseLogger - Using platform encoding (UTF-8 actually) to copy filtered resources, i.e. build is platform dependent!
2013-12-05 15:39:05,462 [Worker-5] INFO  o.e.m.c.i.embedder.EclipseLogger - skip non existing resourceDirectory /home/landi/Escritorio/Nico/Informatorio/Java/practServlet/Ejer2/src/test/resources
2013-12-05 15:39:05,464 [Worker-5] INFO  o.e.m.w.i.f.ResourceFilteringBuildParticipant - Changed resources require a complete clean of filtered resources of Ejer2
2013-12-05 15:39:05,467 [Worker-5] INFO  o.e.m.w.i.f.ResourceFilteringBuildParticipant - Executing resource filtering for Ejer2
2013-12-05 15:39:05,473 [Worker-5] WARN  o.e.m.c.i.embedder.EclipseLogger - The POM for org.apache.tomcat.maven:tomcat7-maven-plugin:jar:2.0 is missing, no dependency information available
2013-12-05 15:39:05,474 [Worker-5] WARN  o.e.m.c.i.embedder.EclipseLogger - Failed to retrieve plugin descriptor for org.apache.tomcat.maven:tomcat7-maven-plugin:2.0: Plugin org.apache.tomcat.maven:tomcat7-maven-plugin:2.0 or one of its dependencies could not be resolved: Failed to read artifact descriptor for org.apache.tomcat.maven:tomcat7-maven-plugin:jar:2.0
2013-12-05 15:39:05,477 [Worker-5] WARN  o.e.m.c.i.embedder.EclipseLogger - The POM for org.apache.tomcat.maven:tomcat7-maven-plugin:jar:2.0 is missing, no dependency information available
2013-12-05 15:39:05,478 [Worker-5] WARN  o.e.m.c.i.embedder.EclipseLogger - Failed to retrieve plugin descriptor for org.apache.tomcat.maven:tomcat7-maven-plugin:2.0: Plugin org.apache.tomcat.maven:tomcat7-maven-plugin:2.0 or one of its dependencies could not be resolved: Failed to read artifact descriptor for org.apache.tomcat.maven:tomcat7-maven-plugin:jar:2.0
2013-12-05 15:39:05,494 [Worker-5] WARN  o.e.m.c.i.embedder.EclipseLogger - Using platform encoding (UTF-8 actually) to copy filtered resources, i.e. build is platform dependent!
2013-12-05 15:42:59,933 [Worker-17] WARN  o.e.m.c.i.embedder.EclipseLogger - Using platform encoding (UTF-8 actually) to copy filtered resources, i.e. build is platform dependent!
2013-12-05 15:42:59,935 [Worker-17] INFO  o.e.m.c.i.embedder.EclipseLogger - Copying 0 resource
2013-12-05 15:42:59,943 [Worker-17] WARN  o.e.m.c.i.embedder.EclipseLogger - Using platform encoding (UTF-8 actually) to copy filtered resources, i.e. build is platform dependent!
2013-12-05 15:42:59,945 [Worker-17] INFO  o.e.m.c.i.embedder.EclipseLogger - skip non existing resourceDirectory /home/landi/Escritorio/Nico/Informatorio/Java/practServlet/Ejer2/src/test/resources
2013-12-05 15:45:13,300 [Worker-11] WARN  o.e.m.c.i.embedder.EclipseLogger - Using platform encoding (UTF-8 actually) to copy filtered resources, i.e. build is platform dependent!
2013-12-05 15:45:13,308 [Worker-11] INFO  o.e.m.c.i.embedder.EclipseLogger - Copying 0 resource
2013-12-05 15:45:13,316 [Worker-11] WARN  o.e.m.c.i.embedder.EclipseLogger - Using platform encoding (UTF-8 actually) to copy filtered resources, i.e. build is platform dependent!
2013-12-05 15:45:13,318 [Worker-11] INFO  o.e.m.c.i.embedder.EclipseLogger - skip non existing resourceDirectory /home/landi/Escritorio/Nico/Informatorio/Java/practServlet/Ejer2/src/test/resources
2013-12-05 15:46:07,115 [Worker-24] WARN  o.e.m.c.i.embedder.EclipseLogger - Using platform encoding (UTF-8 actually) to copy filtered resources, i.e. build is platform dependent!
2013-12-05 15:46:07,117 [Worker-24] INFO  o.e.m.c.i.embedder.EclipseLogger - Copying 0 resource
2013-12-05 15:46:07,121 [Worker-24] WARN  o.e.m.c.i.embedder.EclipseLogger - Using platform encoding (UTF-8 actually) to copy filtered resources, i.e. build is platform dependent!
2013-12-05 15:46:07,125 [Worker-24] INFO  o.e.m.c.i.embedder.EclipseLogger - skip non existing resourceDirectory /home/landi/Escritorio/Nico/Informatorio/Java/practServlet/Ejer2/src/test/resources
2013-12-05 15:46:35,488 [Worker-11] WARN  o.e.m.c.i.embedder.EclipseLogger - Using platform encoding (UTF-8 actually) to copy filtered resources, i.e. build is platform dependent!
2013-12-05 15:46:35,491 [Worker-11] INFO  o.e.m.c.i.embedder.EclipseLogger - Copying 0 resource
2013-12-05 15:46:35,498 [Worker-11] WARN  o.e.m.c.i.embedder.EclipseLogger - Using platform encoding (UTF-8 actually) to copy filtered resources, i.e. build is platform dependent!
2013-12-05 15:46:35,500 [Worker-11] INFO  o.e.m.c.i.embedder.EclipseLogger - skip non existing resourceDirectory /home/landi/Escritorio/Nico/Informatorio/Java/practServlet/Ejer2/src/test/resources
2013-12-05 15:46:39,750 [Worker-24] WARN  o.e.m.c.i.embedder.EclipseLogger - Using platform encoding (UTF-8 actually) to copy filtered resources, i.e. build is platform dependent!
2013-12-05 15:46:39,752 [Worker-24] INFO  o.e.m.c.i.embedder.EclipseLogger - Copying 0 resource
2013-12-05 15:46:39,760 [Worker-24] WARN  o.e.m.c.i.embedder.EclipseLogger - Using platform encoding (UTF-8 actually) to copy filtered resources, i.e. build is platform dependent!
2013-12-05 15:46:39,762 [Worker-24] INFO  o.e.m.c.i.embedder.EclipseLogger - skip non existing resourceDirectory /home/landi/Escritorio/Nico/Informatorio/Java/practServlet/Ejer2/src/test/resources
2013-12-05 15:47:34,538 [Worker-11] WARN  o.e.m.c.i.embedder.EclipseLogger - Using platform encoding (UTF-8 actually) to copy filtered resources, i.e. build is platform dependent!
2013-12-05 15:47:34,541 [Worker-11] INFO  o.e.m.c.i.embedder.EclipseLogger - Copying 0 resource
2013-12-05 15:47:34,548 [Worker-11] WARN  o.e.m.c.i.embedder.EclipseLogger - Using platform encoding (UTF-8 actually) to copy filtered resources, i.e. build is platform dependent!
2013-12-05 15:47:34,550 [Worker-11] INFO  o.e.m.c.i.embedder.EclipseLogger - skip non existing resourceDirectory /home/landi/Escritorio/Nico/Informatorio/Java/practServlet/Ejer2/src/test/resources
2013-12-05 15:52:36,294 [Worker-33] WARN  o.e.m.c.i.embedder.EclipseLogger - Using platform encoding (UTF-8 actually) to copy filtered resources, i.e. build is platform dependent!
2013-12-05 15:52:36,296 [Worker-33] INFO  o.e.m.c.i.embedder.EclipseLogger - Copying 0 resource
2013-12-05 15:52:36,312 [Worker-33] WARN  o.e.m.c.i.embedder.EclipseLogger - Using platform encoding (UTF-8 actually) to copy filtered resources, i.e. build is platform dependent!
2013-12-05 15:52:36,320 [Worker-33] INFO  o.e.m.c.i.embedder.EclipseLogger - skip non existing resourceDirectory /home/landi/Escritorio/Nico/Informatorio/Java/practServlet/Ejer2/src/test/resources
2013-12-05 15:52:49,925 [Worker-22] WARN  o.e.m.c.i.embedder.EclipseLogger - Using platform encoding (UTF-8 actually) to copy filtered resources, i.e. build is platform dependent!
2013-12-05 15:52:49,927 [Worker-22] INFO  o.e.m.c.i.embedder.EclipseLogger - Copying 0 resource
2013-12-05 15:52:49,935 [Worker-22] WARN  o.e.m.c.i.embedder.EclipseLogger - Using platform encoding (UTF-8 actually) to copy filtered resources, i.e. build is platform dependent!
2013-12-05 15:52:49,937 [Worker-22] INFO  o.e.m.c.i.embedder.EclipseLogger - skip non existing resourceDirectory /home/landi/Escritorio/Nico/Informatorio/Java/practServlet/Ejer2/src/test/resources
2013-12-05 15:53:34,620 [Worker-38] WARN  o.e.m.c.i.embedder.EclipseLogger - Using platform encoding (UTF-8 actually) to copy filtered resources, i.e. build is platform dependent!
2013-12-05 15:53:34,623 [Worker-38] INFO  o.e.m.c.i.embedder.EclipseLogger - Copying 0 resource
2013-12-05 15:53:34,631 [Worker-38] WARN  o.e.m.c.i.embedder.EclipseLogger - Using platform encoding (UTF-8 actually) to copy filtered resources, i.e. build is platform dependent!
2013-12-05 15:53:34,633 [Worker-38] INFO  o.e.m.c.i.embedder.EclipseLogger - skip non existing resourceDirectory /home/landi/Escritorio/Nico/Informatorio/Java/practServlet/Ejer2/src/test/resources
2013-12-05 15:53:50,237 [Worker-37] WARN  o.e.m.c.i.embedder.EclipseLogger - Using platform encoding (UTF-8 actually) to copy filtered resources, i.e. build is platform dependent!
2013-12-05 15:53:50,239 [Worker-37] INFO  o.e.m.c.i.embedder.EclipseLogger - Copying 0 resource
2013-12-05 15:53:50,247 [Worker-37] WARN  o.e.m.c.i.embedder.EclipseLogger - Using platform encoding (UTF-8 actually) to copy filtered resources, i.e. build is platform dependent!
2013-12-05 15:53:50,249 [Worker-37] INFO  o.e.m.c.i.embedder.EclipseLogger - skip non existing resourceDirectory /home/landi/Escritorio/Nico/Informatorio/Java/practServlet/Ejer2/src/test/resources
2013-12-05 15:53:54,203 [Worker-22] WARN  o.e.m.c.i.embedder.EclipseLogger - Using platform encoding (UTF-8 actually) to copy filtered resources, i.e. build is platform dependent!
2013-12-05 15:53:54,206 [Worker-22] INFO  o.e.m.c.i.embedder.EclipseLogger - Copying 0 resource
2013-12-05 15:53:54,213 [Worker-22] WARN  o.e.m.c.i.embedder.EclipseLogger - Using platform encoding (UTF-8 actually) to copy filtered resources, i.e. build is platform dependent!
2013-12-05 15:53:54,215 [Worker-22] INFO  o.e.m.c.i.embedder.EclipseLogger - skip non existing resourceDirectory /home/landi/Escritorio/Nico/Informatorio/Java/practServlet/Ejer2/src/test/resources
2013-12-05 15:59:06,154 [Worker-37] WARN  o.e.m.c.i.embedder.EclipseLogger - Using platform encoding (UTF-8 actually) to copy filtered resources, i.e. build is platform dependent!
2013-12-05 15:59:06,156 [Worker-37] INFO  o.e.m.c.i.embedder.EclipseLogger - Copying 0 resource
2013-12-05 15:59:06,164 [Worker-37] WARN  o.e.m.c.i.embedder.EclipseLogger - Using platform encoding (UTF-8 actually) to copy filtered resources, i.e. build is platform dependent!
2013-12-05 15:59:06,166 [Worker-37] INFO  o.e.m.c.i.embedder.EclipseLogger - skip non existing resourceDirectory /home/landi/Escritorio/Nico/Informatorio/Java/practServlet/Ejer2/src/test/resources
2013-12-05 15:59:24,156 [Worker-22] WARN  o.e.m.c.i.embedder.EclipseLogger - Using platform encoding (UTF-8 actually) to copy filtered resources, i.e. build is platform dependent!
2013-12-05 15:59:24,159 [Worker-22] INFO  o.e.m.c.i.embedder.EclipseLogger - Copying 0 resource
2013-12-05 15:59:24,166 [Worker-22] WARN  o.e.m.c.i.embedder.EclipseLogger - Using platform encoding (UTF-8 actually) to copy filtered resources, i.e. build is platform dependent!
2013-12-05 15:59:24,168 [Worker-22] INFO  o.e.m.c.i.embedder.EclipseLogger - skip non existing resourceDirectory /home/landi/Escritorio/Nico/Informatorio/Java/practServlet/Ejer2/src/test/resources
2013-12-05 16:00:01,492 [Worker-32] WARN  o.e.m.c.i.embedder.EclipseLogger - Using platform encoding (UTF-8 actually) to copy filtered resources, i.e. build is platform dependent!
2013-12-05 16:00:01,495 [Worker-32] INFO  o.e.m.c.i.embedder.EclipseLogger - Copying 0 resource
2013-12-05 16:00:01,506 [Worker-32] WARN  o.e.m.c.i.embedder.EclipseLogger - Using platform encoding (UTF-8 actually) to copy filtered resources, i.e. build is platform dependent!
2013-12-05 16:00:01,508 [Worker-32] INFO  o.e.m.c.i.embedder.EclipseLogger - skip non existing resourceDirectory /home/landi/Escritorio/Nico/Informatorio/Java/practServlet/Ejer2/src/test/resources
2013-12-05 16:00:26,448 [Worker-33] WARN  o.e.m.c.i.embedder.EclipseLogger - Using platform encoding (UTF-8 actually) to copy filtered resources, i.e. build is platform dependent!
2013-12-05 16:00:26,450 [Worker-33] INFO  o.e.m.c.i.embedder.EclipseLogger - Copying 0 resource
2013-12-05 16:00:26,461 [Worker-33] WARN  o.e.m.c.i.embedder.EclipseLogger - Using platform encoding (UTF-8 actually) to copy filtered resources, i.e. build is platform dependent!
2013-12-05 16:00:26,463 [Worker-33] INFO  o.e.m.c.i.embedder.EclipseLogger - skip non existing resourceDirectory /home/landi/Escritorio/Nico/Informatorio/Java/practServlet/Ejer2/src/test/resources
2013-12-05 16:00:33,448 [Worker-32] WARN  o.e.m.c.i.embedder.EclipseLogger - Using platform encoding (UTF-8 actually) to copy filtered resources, i.e. build is platform dependent!
2013-12-05 16:00:33,451 [Worker-32] INFO  o.e.m.c.i.embedder.EclipseLogger - Copying 0 resource
2013-12-05 16:00:33,458 [Worker-32] WARN  o.e.m.c.i.embedder.EclipseLogger - Using platform encoding (UTF-8 actually) to copy filtered resources, i.e. build is platform dependent!
2013-12-05 16:00:33,460 [Worker-32] INFO  o.e.m.c.i.embedder.EclipseLogger - skip non existing resourceDirectory /home/landi/Escritorio/Nico/Informatorio/Java/practServlet/Ejer2/src/test/resources
2013-12-05 16:01:21,595 [Worker-37] WARN  o.e.m.c.i.embedder.EclipseLogger - Using platform encoding (UTF-8 actually) to copy filtered resources, i.e. build is platform dependent!
2013-12-05 16:01:21,597 [Worker-37] INFO  o.e.m.c.i.embedder.EclipseLogger - Copying 0 resource
2013-12-05 16:01:21,605 [Worker-37] WARN  o.e.m.c.i.embedder.EclipseLogger - Using platform encoding (UTF-8 actually) to copy filtered resources, i.e. build is platform dependent!
2013-12-05 16:01:21,607 [Worker-37] INFO  o.e.m.c.i.embedder.EclipseLogger - skip non existing resourceDirectory /home/landi/Escritorio/Nico/Informatorio/Java/practServlet/Ejer2/src/test/resources
2013-12-05 16:01:52,287 [Worker-32] WARN  o.e.m.c.i.embedder.EclipseLogger - Using platform encoding (UTF-8 actually) to copy filtered resources, i.e. build is platform dependent!
2013-12-05 16:01:52,290 [Worker-32] INFO  o.e.m.c.i.embedder.EclipseLogger - Copying 0 resource
2013-12-05 16:01:52,298 [Worker-32] WARN  o.e.m.c.i.embedder.EclipseLogger - Using platform encoding (UTF-8 actually) to copy filtered resources, i.e. build is platform dependent!
2013-12-05 16:01:52,300 [Worker-32] INFO  o.e.m.c.i.embedder.EclipseLogger - skip non existing resourceDirectory /home/landi/Escritorio/Nico/Informatorio/Java/practServlet/Ejer2/src/test/resources
2013-12-05 16:02:17,874 [Worker-32] WARN  o.e.m.c.i.embedder.EclipseLogger - Using platform encoding (UTF-8 actually) to copy filtered resources, i.e. build is platform dependent!
2013-12-05 16:02:17,876 [Worker-32] INFO  o.e.m.c.i.embedder.EclipseLogger - Copying 0 resource
2013-12-05 16:02:17,884 [Worker-32] WARN  o.e.m.c.i.embedder.EclipseLogger - Using platform encoding (UTF-8 actually) to copy filtered resources, i.e. build is platform dependent!
2013-12-05 16:02:17,886 [Worker-32] INFO  o.e.m.c.i.embedder.EclipseLogger - skip non existing resourceDirectory /home/landi/Escritorio/Nico/Informatorio/Java/practServlet/Ejer2/src/test/resources
2013-12-05 16:05:58,384 [Worker-35] WARN  o.e.m.c.i.embedder.EclipseLogger - Using platform encoding (UTF-8 actually) to copy filtered resources, i.e. build is platform dependent!
2013-12-05 16:05:58,386 [Worker-35] INFO  o.e.m.c.i.embedder.EclipseLogger - Copying 0 resource
2013-12-05 16:05:58,394 [Worker-35] WARN  o.e.m.c.i.embedder.EclipseLogger - Using platform encoding (UTF-8 actually) to copy filtered resources, i.e. build is platform dependent!
2013-12-05 16:05:58,396 [Worker-35] INFO  o.e.m.c.i.embedder.EclipseLogger - skip non existing resourceDirectory /home/landi/Escritorio/Nico/Informatorio/Java/practServlet/Ejer2/src/test/resources
2013-12-05 16:07:15,514 [Worker-38] WARN  o.e.m.c.i.embedder.EclipseLogger - Using platform encoding (UTF-8 actually) to copy filtered resources, i.e. build is platform dependent!
2013-12-05 16:07:15,551 [Worker-38] INFO  o.e.m.c.i.embedder.EclipseLogger - Copying 1 resource
2013-12-05 16:07:15,656 [Worker-38] WARN  o.e.m.c.i.embedder.EclipseLogger - Using platform encoding (UTF-8 actually) to copy filtered resources, i.e. build is platform dependent!
2013-12-05 16:07:15,660 [Worker-38] INFO  o.e.m.c.i.embedder.EclipseLogger - skip non existing resourceDirectory /home/landi/Escritorio/Nico/Informatorio/Java/practServlet/Ejer2/src/test/resources
2013-12-05 16:07:19,238 [Worker-38] WARN  o.e.m.c.i.embedder.EclipseLogger - Using platform encoding (UTF-8 actually) to copy filtered resources, i.e. build is platform dependent!
2013-12-05 16:07:19,240 [Worker-38] INFO  o.e.m.c.i.embedder.EclipseLogger - Copying 0 resource
2013-12-05 16:07:19,245 [Worker-38] WARN  o.e.m.c.i.embedder.EclipseLogger - Using platform encoding (UTF-8 actually) to copy filtered resources, i.e. build is platform dependent!
2013-12-05 16:07:19,247 [Worker-38] INFO  o.e.m.c.i.embedder.EclipseLogger - skip non existing resourceDirectory /home/landi/Escritorio/Nico/Informatorio/Java/practServlet/Ejer2/src/test/resources
2013-12-05 16:08:09,403 [Worker-38] WARN  o.e.m.c.i.embedder.EclipseLogger - Using platform encoding (UTF-8 actually) to copy filtered resources, i.e. build is platform dependent!
2013-12-05 16:08:09,406 [Worker-38] INFO  o.e.m.c.i.embedder.EclipseLogger - Copying 0 resource
2013-12-05 16:08:09,414 [Worker-38] WARN  o.e.m.c.i.embedder.EclipseLogger - Using platform encoding (UTF-8 actually) to copy filtered resources, i.e. build is platform dependent!
2013-12-05 16:08:09,416 [Worker-38] INFO  o.e.m.c.i.embedder.EclipseLogger - skip non existing resourceDirectory /home/landi/Escritorio/Nico/Informatorio/Java/practServlet/Ejer2/src/test/resources
2013-12-05 16:15:06,041 [Worker-44] WARN  o.e.m.c.i.embedder.EclipseLogger - Using platform encoding (UTF-8 actually) to copy filtered resources, i.e. build is platform dependent!
2013-12-05 16:15:06,046 [Worker-44] INFO  o.e.m.c.i.embedder.EclipseLogger - Copying 1 resource
2013-12-05 16:15:06,056 [Worker-44] WARN  o.e.m.c.i.embedder.EclipseLogger - Using platform encoding (UTF-8 actually) to copy filtered resources, i.e. build is platform dependent!
2013-12-05 16:15:06,058 [Worker-44] INFO  o.e.m.c.i.embedder.EclipseLogger - skip non existing resourceDirectory /home/landi/Escritorio/Nico/Informatorio/Java/practServlet/Ejer2/src/test/resources
2013-12-05 16:18:22,297 [Worker-41] WARN  o.e.m.c.i.embedder.EclipseLogger - Using platform encoding (UTF-8 actually) to copy filtered resources, i.e. build is platform dependent!
2013-12-05 16:18:22,299 [Worker-41] INFO  o.e.m.c.i.embedder.EclipseLogger - Copying 0 resource
2013-12-05 16:18:22,305 [Worker-41] WARN  o.e.m.c.i.embedder.EclipseLogger - Using platform encoding (UTF-8 actually) to copy filtered resources, i.e. build is platform dependent!
2013-12-05 16:18:22,308 [Worker-41] INFO  o.e.m.c.i.embedder.EclipseLogger - skip non existing resourceDirectory /home/landi/Escritorio/Nico/Informatorio/Java/practServlet/Ejer2/src/test/resources
2013-12-05 16:19:14,755 [Worker-45] WARN  o.e.m.c.i.embedder.EclipseLogger - Using platform encoding (UTF-8 actually) to copy filtered resources, i.e. build is platform dependent!
2013-12-05 16:19:14,757 [Worker-45] INFO  o.e.m.c.i.embedder.EclipseLogger - Copying 0 resource
2013-12-05 16:19:14,764 [Worker-45] WARN  o.e.m.c.i.embedder.EclipseLogger - Using platform encoding (UTF-8 actually) to copy filtered resources, i.e. build is platform dependent!
2013-12-05 16:19:14,766 [Worker-45] INFO  o.e.m.c.i.embedder.EclipseLogger - skip non existing resourceDirectory /home/landi/Escritorio/Nico/Informatorio/Java/practServlet/Ejer2/src/test/resources
2013-12-05 16:19:37,039 [Worker-35] WARN  o.e.m.c.i.embedder.EclipseLogger - Using platform encoding (UTF-8 actually) to copy filtered resources, i.e. build is platform dependent!
2013-12-05 16:19:37,043 [Worker-35] INFO  o.e.m.c.i.embedder.EclipseLogger - Copying 1 resource
2013-12-05 16:19:37,052 [Worker-35] WARN  o.e.m.c.i.embedder.EclipseLogger - Using platform encoding (UTF-8 actually) to copy filtered resources, i.e. build is platform dependent!
2013-12-05 16:19:37,053 [Worker-35] INFO  o.e.m.c.i.embedder.EclipseLogger - skip non existing resourceDirectory /home/landi/Escritorio/Nico/Informatorio/Java/practServlet/Ejer2/src/test/resources
2013-12-05 16:24:03,217 [Worker-35] WARN  o.e.m.c.i.embedder.EclipseLogger - Using platform encoding (UTF-8 actually) to copy filtered resources, i.e. build is platform dependent!
2013-12-05 16:24:03,221 [Worker-35] INFO  o.e.m.c.i.embedder.EclipseLogger - Copying 0 resource
2013-12-05 16:24:03,229 [Worker-35] WARN  o.e.m.c.i.embedder.EclipseLogger - Using platform encoding (UTF-8 actually) to copy filtered resources, i.e. build is platform dependent!
2013-12-05 16:24:03,231 [Worker-35] INFO  o.e.m.c.i.embedder.EclipseLogger - skip non existing resourceDirectory /home/landi/Escritorio/Nico/Informatorio/Java/practServlet/Ejer2/src/test/resources
2013-12-05 16:24:18,637 [Worker-44] WARN  o.e.m.c.i.embedder.EclipseLogger - Using platform encoding (UTF-8 actually) to copy filtered resources, i.e. build is platform dependent!
2013-12-05 16:24:18,639 [Worker-44] INFO  o.e.m.c.i.embedder.EclipseLogger - Copying 0 resource
2013-12-05 16:24:18,647 [Worker-44] WARN  o.e.m.c.i.embedder.EclipseLogger - Using platform encoding (UTF-8 actually) to copy filtered resources, i.e. build is platform dependent!
2013-12-05 16:24:18,649 [Worker-44] INFO  o.e.m.c.i.embedder.EclipseLogger - skip non existing resourceDirectory /home/landi/Escritorio/Nico/Informatorio/Java/practServlet/Ejer2/src/test/resources
2013-12-05 16:24:23,565 [Worker-45] WARN  o.e.m.c.i.embedder.EclipseLogger - Using platform encoding (UTF-8 actually) to copy filtered resources, i.e. build is platform dependent!
2013-12-05 16:24:23,568 [Worker-45] INFO  o.e.m.c.i.embedder.EclipseLogger - Copying 0 resource
2013-12-05 16:24:23,575 [Worker-45] WARN  o.e.m.c.i.embedder.EclipseLogger - Using platform encoding (UTF-8 actually) to copy filtered resources, i.e. build is platform dependent!
2013-12-05 16:24:23,577 [Worker-45] INFO  o.e.m.c.i.embedder.EclipseLogger - skip non existing resourceDirectory /home/landi/Escritorio/Nico/Informatorio/Java/practServlet/Ejer2/src/test/resources
2013-12-05 16:25:26,277 [Worker-45] WARN  o.e.m.c.i.embedder.EclipseLogger - Using platform encoding (UTF-8 actually) to copy filtered resources, i.e. build is platform dependent!
2013-12-05 16:25:26,284 [Worker-45] INFO  o.e.m.c.i.embedder.EclipseLogger - Copying 1 resource
2013-12-05 16:25:26,294 [Worker-45] WARN  o.e.m.c.i.embedder.EclipseLogger - Using platform encoding (UTF-8 actually) to copy filtered resources, i.e. build is platform dependent!
2013-12-05 16:25:26,297 [Worker-45] INFO  o.e.m.c.i.embedder.EclipseLogger - skip non existing resourceDirectory /home/landi/Escritorio/Nico/Informatorio/Java/practServlet/Ejer2/src/test/resources
2013-12-05 16:26:13,139 [Worker-35] WARN  o.e.m.c.i.embedder.EclipseLogger - Using platform encoding (UTF-8 actually) to copy filtered resources, i.e. build is platform dependent!
2013-12-05 16:26:13,141 [Worker-35] INFO  o.e.m.c.i.embedder.EclipseLogger - Copying 0 resource
2013-12-05 16:26:13,149 [Worker-35] WARN  o.e.m.c.i.embedder.EclipseLogger - Using platform encoding (UTF-8 actually) to copy filtered resources, i.e. build is platform dependent!
2013-12-05 16:26:13,150 [Worker-35] INFO  o.e.m.c.i.embedder.EclipseLogger - skip non existing resourceDirectory /home/landi/Escritorio/Nico/Informatorio/Java/practServlet/Ejer2/src/test/resources
2013-12-05 16:33:58,756 [Worker-51] WARN  o.e.m.c.i.embedder.EclipseLogger - Using platform encoding (UTF-8 actually) to copy filtered resources, i.e. build is platform dependent!
2013-12-05 16:33:58,758 [Worker-51] INFO  o.e.m.c.i.embedder.EclipseLogger - Copying 0 resource
2013-12-05 16:33:58,764 [Worker-51] WARN  o.e.m.c.i.embedder.EclipseLogger - Using platform encoding (UTF-8 actually) to copy filtered resources, i.e. build is platform dependent!
2013-12-05 16:33:58,766 [Worker-51] INFO  o.e.m.c.i.embedder.EclipseLogger - skip non existing resourceDirectory /home/landi/Escritorio/Nico/Informatorio/Java/practServlet/Ejer2/src/test/resources
2013-12-05 16:38:36,741 [Worker-50] WARN  o.e.m.c.i.embedder.EclipseLogger - Using platform encoding (UTF-8 actually) to copy filtered resources, i.e. build is platform dependent!
2013-12-05 16:38:36,743 [Worker-50] INFO  o.e.m.c.i.embedder.EclipseLogger - Copying 0 resource
2013-12-05 16:38:36,750 [Worker-50] WARN  o.e.m.c.i.embedder.EclipseLogger - Using platform encoding (UTF-8 actually) to copy filtered resources, i.e. build is platform dependent!
2013-12-05 16:38:36,752 [Worker-50] INFO  o.e.m.c.i.embedder.EclipseLogger - skip non existing resourceDirectory /home/landi/Escritorio/Nico/Informatorio/Java/practServlet/Ejer2/src/test/resources
2013-12-05 16:40:05,723 [Worker-52] WARN  o.e.m.c.i.embedder.EclipseLogger - Using platform encoding (UTF-8 actually) to copy filtered resources, i.e. build is platform dependent!
2013-12-05 16:40:05,724 [Worker-52] INFO  o.e.m.c.i.embedder.EclipseLogger - Copying 0 resource
2013-12-05 16:40:05,732 [Worker-52] WARN  o.e.m.c.i.embedder.EclipseLogger - Using platform encoding (UTF-8 actually) to copy filtered resources, i.e. build is platform dependent!
2013-12-05 16:40:05,733 [Worker-52] INFO  o.e.m.c.i.embedder.EclipseLogger - skip non existing resourceDirectory /home/landi/Escritorio/Nico/Informatorio/Java/practServlet/Ejer2/src/test/resources
2013-12-05 16:41:53,760 [Worker-53] WARN  o.e.m.c.i.embedder.EclipseLogger - Using platform encoding (UTF-8 actually) to copy filtered resources, i.e. build is platform dependent!
2013-12-05 16:41:53,762 [Worker-53] INFO  o.e.m.c.i.embedder.EclipseLogger - Copying 1 resource
2013-12-05 16:41:53,772 [Worker-53] WARN  o.e.m.c.i.embedder.EclipseLogger - Using platform encoding (UTF-8 actually) to copy filtered resources, i.e. build is platform dependent!
2013-12-05 16:41:53,780 [Worker-53] INFO  o.e.m.c.i.embedder.EclipseLogger - skip non existing resourceDirectory /home/landi/Escritorio/Nico/Informatorio/Java/practServlet/Ejer2/src/test/resources
2013-12-05 16:42:20,586 [Worker-53] WARN  o.e.m.c.i.embedder.EclipseLogger - Using platform encoding (UTF-8 actually) to copy filtered resources, i.e. build is platform dependent!
2013-12-05 16:42:20,639 [Worker-53] INFO  o.e.m.c.i.embedder.EclipseLogger - Copying 0 resource
2013-12-05 16:42:20,646 [Worker-53] WARN  o.e.m.c.i.embedder.EclipseLogger - Using platform encoding (UTF-8 actually) to copy filtered resources, i.e. build is platform dependent!
2013-12-05 16:42:20,647 [Worker-53] INFO  o.e.m.c.i.embedder.EclipseLogger - skip non existing resourceDirectory /home/landi/Escritorio/Nico/Informatorio/Java/practServlet/Ejer2/src/test/resources
2013-12-05 16:42:52,730 [Worker-55] WARN  o.e.m.c.i.embedder.EclipseLogger - Using platform encoding (UTF-8 actually) to copy filtered resources, i.e. build is platform dependent!
2013-12-05 16:42:52,732 [Worker-55] INFO  o.e.m.c.i.embedder.EclipseLogger - Copying 0 resource
2013-12-05 16:42:52,747 [Worker-55] WARN  o.e.m.c.i.embedder.EclipseLogger - Using platform encoding (UTF-8 actually) to copy filtered resources, i.e. build is platform dependent!
2013-12-05 16:42:52,749 [Worker-55] INFO  o.e.m.c.i.embedder.EclipseLogger - skip non existing resourceDirectory /home/landi/Escritorio/Nico/Informatorio/Java/practServlet/Ejer2/src/test/resources
2013-12-05 16:43:44,932 [Worker-54] WARN  o.e.m.c.i.embedder.EclipseLogger - Using platform encoding (UTF-8 actually) to copy filtered resources, i.e. build is platform dependent!
2013-12-05 16:43:44,934 [Worker-54] INFO  o.e.m.c.i.embedder.EclipseLogger - Copying 0 resource
2013-12-05 16:43:44,941 [Worker-54] WARN  o.e.m.c.i.embedder.EclipseLogger - Using platform encoding (UTF-8 actually) to copy filtered resources, i.e. build is platform dependent!
2013-12-05 16:43:44,943 [Worker-54] INFO  o.e.m.c.i.embedder.EclipseLogger - skip non existing resourceDirectory /home/landi/Escritorio/Nico/Informatorio/Java/practServlet/Ejer2/src/test/resources
2013-12-05 16:44:48,761 [Worker-56] WARN  o.e.m.c.i.embedder.EclipseLogger - Using platform encoding (UTF-8 actually) to copy filtered resources, i.e. build is platform dependent!
2013-12-05 16:44:48,763 [Worker-56] INFO  o.e.m.c.i.embedder.EclipseLogger - Copying 0 resource
2013-12-05 16:44:48,770 [Worker-56] WARN  o.e.m.c.i.embedder.EclipseLogger - Using platform encoding (UTF-8 actually) to copy filtered resources, i.e. build is platform dependent!
2013-12-05 16:44:48,771 [Worker-56] INFO  o.e.m.c.i.embedder.EclipseLogger - skip non existing resourceDirectory /home/landi/Escritorio/Nico/Informatorio/Java/practServlet/Ejer2/src/test/resources
2013-12-05 16:52:02,495 [Worker-4] WARN  o.e.m.c.i.embedder.EclipseLogger - Using platform encoding (UTF-8 actually) to copy filtered resources, i.e. build is platform dependent!
2013-12-05 16:52:03,663 [Worker-4] INFO  o.e.m.c.i.embedder.EclipseLogger - Copying 1 resource
2013-12-05 16:52:03,689 [Worker-4] WARN  o.e.m.c.i.embedder.EclipseLogger - Using platform encoding (UTF-8 actually) to copy filtered resources, i.e. build is platform dependent!
2013-12-05 16:52:03,691 [Worker-4] INFO  o.e.m.c.i.embedder.EclipseLogger - skip non existing resourceDirectory /home/landi/Escritorio/Nico/Informatorio/Java/practServlet/Ejer2/src/test/resources
2013-12-05 16:52:05,832 [Worker-3] WARN  o.e.m.c.i.embedder.EclipseLogger - Using platform encoding (UTF-8 actually) to copy filtered resources, i.e. build is platform dependent!
2013-12-05 16:52:05,850 [Worker-3] INFO  o.e.m.c.i.embedder.EclipseLogger - Copying 0 resource
2013-12-05 16:52:05,857 [Worker-3] WARN  o.e.m.c.i.embedder.EclipseLogger - Using platform encoding (UTF-8 actually) to copy filtered resources, i.e. build is platform dependent!
2013-12-05 16:52:05,858 [Worker-3] INFO  o.e.m.c.i.embedder.EclipseLogger - skip non existing resourceDirectory /home/landi/Escritorio/Nico/Informatorio/Java/practServlet/Ejer2/src/test/resources
2013-12-10 18:32:28,689 [Worker-4] WARN  o.e.m.c.i.embedder.EclipseLogger - Using platform encoding (UTF-8 actually) to copy filtered resources, i.e. build is platform dependent!
2013-12-10 18:32:28,937 [Worker-4] INFO  o.e.m.c.i.embedder.EclipseLogger - Copying 1 resource
2013-12-10 18:32:29,017 [Worker-4] WARN  o.e.m.c.i.embedder.EclipseLogger - Using platform encoding (UTF-8 actually) to copy filtered resources, i.e. build is platform dependent!
2013-12-10 18:32:29,018 [Worker-4] INFO  o.e.m.c.i.embedder.EclipseLogger - skip non existing resourceDirectory /home/landi/Escritorio/Nico/Informatorio/Java/practServlet/Ejer2/src/test/resources
2013-12-10 18:32:37,814 [Worker-8] WARN  o.e.m.c.i.embedder.EclipseLogger - Using platform encoding (UTF-8 actually) to copy filtered resources, i.e. build is platform dependent!
2013-12-10 18:32:37,834 [Worker-8] INFO  o.e.m.c.i.embedder.EclipseLogger - Copying 0 resource
2013-12-10 18:32:37,851 [Worker-8] WARN  o.e.m.c.i.embedder.EclipseLogger - Using platform encoding (UTF-8 actually) to copy filtered resources, i.e. build is platform dependent!
2013-12-10 18:32:37,853 [Worker-8] INFO  o.e.m.c.i.embedder.EclipseLogger - skip non existing resourceDirectory /home/landi/Escritorio/Nico/Informatorio/Java/practServlet/Ejer2/src/test/resources
2013-12-10 18:34:20,597 [Worker-1] WARN  o.e.m.c.i.embedder.EclipseLogger - Using platform encoding (UTF-8 actually) to copy filtered resources, i.e. build is platform dependent!
2013-12-10 18:34:20,599 [Worker-1] INFO  o.e.m.c.i.embedder.EclipseLogger - Copying 0 resource
2013-12-10 18:34:20,613 [Worker-1] WARN  o.e.m.c.i.embedder.EclipseLogger - Using platform encoding (UTF-8 actually) to copy filtered resources, i.e. build is platform dependent!
2013-12-10 18:34:20,614 [Worker-1] INFO  o.e.m.c.i.embedder.EclipseLogger - skip non existing resourceDirectory /home/landi/Escritorio/Nico/Informatorio/Java/practServlet/Ejer2/src/test/resources
2013-12-10 18:34:30,729 [Worker-5] WARN  o.e.m.c.i.embedder.EclipseLogger - Using platform encoding (UTF-8 actually) to copy filtered resources, i.e. build is platform dependent!
2013-12-10 18:34:30,734 [Worker-5] INFO  o.e.m.c.i.embedder.EclipseLogger - Copying 0 resource
2013-12-10 18:34:30,742 [Worker-5] WARN  o.e.m.c.i.embedder.EclipseLogger - Using platform encoding (UTF-8 actually) to copy filtered resources, i.e. build is platform dependent!
2013-12-10 18:34:30,743 [Worker-5] INFO  o.e.m.c.i.embedder.EclipseLogger - skip non existing resourceDirectory /home/landi/Escritorio/Nico/Informatorio/Java/practServlet/Ejer2/src/test/resources
2013-12-10 18:35:48,038 [Worker-1] WARN  o.e.m.c.i.embedder.EclipseLogger - Using platform encoding (UTF-8 actually) to copy filtered resources, i.e. build is platform dependent!
2013-12-10 18:35:48,040 [Worker-1] INFO  o.e.m.c.i.embedder.EclipseLogger - Copying 0 resource
2013-12-10 18:35:48,048 [Worker-1] WARN  o.e.m.c.i.embedder.EclipseLogger - Using platform encoding (UTF-8 actually) to copy filtered resources, i.e. build is platform dependent!
2013-12-10 18:35:48,049 [Worker-1] INFO  o.e.m.c.i.embedder.EclipseLogger - skip non existing resourceDirectory /home/landi/Escritorio/Nico/Informatorio/Java/practServlet/Ejer2/src/test/resources
2013-12-10 18:36:17,782 [Worker-0] WARN  o.e.m.c.i.embedder.EclipseLogger - Using platform encoding (UTF-8 actually) to copy filtered resources, i.e. build is platform dependent!
2013-12-10 18:36:17,788 [Worker-0] INFO  o.e.m.c.i.embedder.EclipseLogger - Copying 0 resource
2013-12-10 18:36:17,796 [Worker-0] WARN  o.e.m.c.i.embedder.EclipseLogger - Using platform encoding (UTF-8 actually) to copy filtered resources, i.e. build is platform dependent!
2013-12-10 18:36:17,798 [Worker-0] INFO  o.e.m.c.i.embedder.EclipseLogger - skip non existing resourceDirectory /home/landi/Escritorio/Nico/Informatorio/Java/practServlet/Ejer2/src/test/resources
2013-12-10 18:37:27,155 [Worker-5] WARN  o.e.m.c.i.embedder.EclipseLogger - Using platform encoding (UTF-8 actually) to copy filtered resources, i.e. build is platform dependent!
2013-12-10 18:37:27,157 [Worker-5] INFO  o.e.m.c.i.embedder.EclipseLogger - Copying 0 resource
2013-12-10 18:37:27,172 [Worker-5] WARN  o.e.m.c.i.embedder.EclipseLogger - Using platform encoding (UTF-8 actually) to copy filtered resources, i.e. build is platform dependent!
2013-12-10 18:37:27,174 [Worker-5] INFO  o.e.m.c.i.embedder.EclipseLogger - skip non existing resourceDirectory /home/landi/Escritorio/Nico/Informatorio/Java/practServlet/Ejer2/src/test/resources
2013-12-10 18:38:00,518 [Worker-11] WARN  o.e.m.c.i.embedder.EclipseLogger - Using platform encoding (UTF-8 actually) to copy filtered resources, i.e. build is platform dependent!
2013-12-10 18:38:00,520 [Worker-11] INFO  o.e.m.c.i.embedder.EclipseLogger - Copying 0 resource
2013-12-10 18:38:00,533 [Worker-11] WARN  o.e.m.c.i.embedder.EclipseLogger - Using platform encoding (UTF-8 actually) to copy filtered resources, i.e. build is platform dependent!
2013-12-10 18:38:00,534 [Worker-11] INFO  o.e.m.c.i.embedder.EclipseLogger - skip non existing resourceDirectory /home/landi/Escritorio/Nico/Informatorio/Java/practServlet/Ejer2/src/test/resources
2013-12-10 18:38:15,731 [Worker-11] WARN  o.e.m.c.i.embedder.EclipseLogger - Using platform encoding (UTF-8 actually) to copy filtered resources, i.e. build is platform dependent!
2013-12-10 18:38:15,733 [Worker-11] INFO  o.e.m.c.i.embedder.EclipseLogger - Copying 0 resource
2013-12-10 18:38:15,741 [Worker-11] WARN  o.e.m.c.i.embedder.EclipseLogger - Using platform encoding (UTF-8 actually) to copy filtered resources, i.e. build is platform dependent!
2013-12-10 18:38:15,742 [Worker-11] INFO  o.e.m.c.i.embedder.EclipseLogger - skip non existing resourceDirectory /home/landi/Escritorio/Nico/Informatorio/Java/practServlet/Ejer2/src/test/resources
2013-12-11 16:31:11,422 [Worker-4] WARN  o.e.m.c.i.embedder.EclipseLogger - Using platform encoding (UTF-8 actually) to copy filtered resources, i.e. build is platform dependent!
2013-12-11 16:31:11,571 [Worker-4] INFO  o.e.m.c.i.embedder.EclipseLogger - Copying 1 resource
2013-12-11 16:31:11,629 [Worker-4] WARN  o.e.m.c.i.embedder.EclipseLogger - Using platform encoding (UTF-8 actually) to copy filtered resources, i.e. build is platform dependent!
2013-12-11 16:31:11,630 [Worker-4] INFO  o.e.m.c.i.embedder.EclipseLogger - skip non existing resourceDirectory /home/landi/Escritorio/Nico/Informatorio/Java/practServlet/Ejer2/src/test/resources
2013-12-11 16:32:24,046 [Worker-2] WARN  o.e.m.c.i.embedder.EclipseLogger - Using platform encoding (UTF-8 actually) to copy filtered resources, i.e. build is platform dependent!
2013-12-11 16:32:24,055 [Worker-2] INFO  o.e.m.c.i.embedder.EclipseLogger - Copying 0 resource
2013-12-11 16:32:24,063 [Worker-2] WARN  o.e.m.c.i.embedder.EclipseLogger - Using platform encoding (UTF-8 actually) to copy filtered resources, i.e. build is platform dependent!
2013-12-11 16:32:24,067 [Worker-2] INFO  o.e.m.c.i.embedder.EclipseLogger - skip non existing resourceDirectory /home/landi/Escritorio/Nico/Informatorio/Java/practServlet/Ejer2/src/test/resources
2013-12-11 16:38:18,932 [Worker-9] WARN  o.e.m.c.i.embedder.EclipseLogger - Using platform encoding (UTF-8 actually) to copy filtered resources, i.e. build is platform dependent!
2013-12-11 16:38:18,933 [Worker-9] INFO  o.e.m.c.i.embedder.EclipseLogger - Copying 0 resource
2013-12-11 16:38:18,948 [Worker-9] WARN  o.e.m.c.i.embedder.EclipseLogger - Using platform encoding (UTF-8 actually) to copy filtered resources, i.e. build is platform dependent!
2013-12-11 16:38:18,949 [Worker-9] INFO  o.e.m.c.i.embedder.EclipseLogger - skip non existing resourceDirectory /home/landi/Escritorio/Nico/Informatorio/Java/practServlet/Ejer2/src/test/resources
2013-12-11 16:39:23,606 [Worker-10] WARN  o.e.m.c.i.embedder.EclipseLogger - Using platform encoding (UTF-8 actually) to copy filtered resources, i.e. build is platform dependent!
2013-12-11 16:39:23,617 [Worker-10] INFO  o.e.m.c.i.embedder.EclipseLogger - Copying 0 resource
2013-12-11 16:39:23,623 [Worker-10] WARN  o.e.m.c.i.embedder.EclipseLogger - Using platform encoding (UTF-8 actually) to copy filtered resources, i.e. build is platform dependent!
2013-12-11 16:39:23,624 [Worker-10] INFO  o.e.m.c.i.embedder.EclipseLogger - skip non existing resourceDirectory /home/landi/Escritorio/Nico/Informatorio/Java/practServlet/Ejer2/src/test/resources
2013-12-11 16:39:31,220 [Worker-6] WARN  o.e.m.c.i.embedder.EclipseLogger - Using platform encoding (UTF-8 actually) to copy filtered resources, i.e. build is platform dependent!
2013-12-11 16:39:31,222 [Worker-6] INFO  o.e.m.c.i.embedder.EclipseLogger - Copying 0 resource
2013-12-11 16:39:31,232 [Worker-6] WARN  o.e.m.c.i.embedder.EclipseLogger - Using platform encoding (UTF-8 actually) to copy filtered resources, i.e. build is platform dependent!
2013-12-11 16:39:31,234 [Worker-6] INFO  o.e.m.c.i.embedder.EclipseLogger - skip non existing resourceDirectory /home/landi/Escritorio/Nico/Informatorio/Java/practServlet/Ejer2/src/test/resources
2013-12-11 16:47:26,371 [Worker-4] WARN  o.e.m.c.i.embedder.EclipseLogger - Using platform encoding (UTF-8 actually) to copy filtered resources, i.e. build is platform dependent!
2013-12-11 16:47:26,466 [Worker-4] INFO  o.e.m.c.i.embedder.EclipseLogger - Copying 1 resource
2013-12-11 16:47:26,534 [Worker-4] WARN  o.e.m.c.i.embedder.EclipseLogger - Using platform encoding (UTF-8 actually) to copy filtered resources, i.e. build is platform dependent!
2013-12-11 16:47:26,536 [Worker-4] INFO  o.e.m.c.i.embedder.EclipseLogger - skip non existing resourceDirectory /home/landi/Escritorio/Nico/Informatorio/Java/practServlet/Ejer2/src/test/resources
2013-12-11 16:47:36,647 [Worker-6] WARN  o.e.m.c.i.embedder.EclipseLogger - Using platform encoding (UTF-8 actually) to copy filtered resources, i.e. build is platform dependent!
2013-12-11 16:47:36,667 [Worker-6] INFO  o.e.m.c.i.embedder.EclipseLogger - Copying 0 resource
2013-12-11 16:47:36,676 [Worker-6] WARN  o.e.m.c.i.embedder.EclipseLogger - Using platform encoding (UTF-8 actually) to copy filtered resources, i.e. build is platform dependent!
2013-12-11 16:47:36,677 [Worker-6] INFO  o.e.m.c.i.embedder.EclipseLogger - skip non existing resourceDirectory /home/landi/Escritorio/Nico/Informatorio/Java/practServlet/Ejer2/src/test/resources
2013-12-11 19:43:31,864 [Worker-0] WARN  o.e.m.c.i.embedder.EclipseLogger - Using platform encoding (UTF-8 actually) to copy filtered resources, i.e. build is platform dependent!
2013-12-11 19:43:32,006 [Worker-0] INFO  o.e.m.c.i.embedder.EclipseLogger - Copying 1 resource
2013-12-11 19:43:32,085 [Worker-0] WARN  o.e.m.c.i.embedder.EclipseLogger - Using platform encoding (UTF-8 actually) to copy filtered resources, i.e. build is platform dependent!
2013-12-11 19:43:32,087 [Worker-0] INFO  o.e.m.c.i.embedder.EclipseLogger - skip non existing resourceDirectory /home/landi/Escritorio/Nico/Informatorio/Java/practServlet/Ejer2/src/test/resources
2013-12-12 18:36:22,329 [Worker-5] WARN  o.e.m.c.i.embedder.EclipseLogger - Using platform encoding (UTF-8 actually) to copy filtered resources, i.e. build is platform dependent!
2013-12-12 18:36:22,448 [Worker-5] INFO  o.e.m.c.i.embedder.EclipseLogger - Copying 1 resource
2013-12-12 18:36:22,481 [Worker-5] WARN  o.e.m.c.i.embedder.EclipseLogger - Using platform encoding (UTF-8 actually) to copy filtered resources, i.e. build is platform dependent!
2013-12-12 18:36:22,482 [Worker-5] INFO  o.e.m.c.i.embedder.EclipseLogger - skip non existing resourceDirectory /home/landi/Escritorio/Nico/Informatorio/Java/practServlet/Ejer2/src/test/resources
2013-12-12 18:36:24,997 [Worker-4] WARN  o.e.m.c.i.embedder.EclipseLogger - Using platform encoding (UTF-8 actually) to copy filtered resources, i.e. build is platform dependent!
2013-12-12 18:36:25,005 [Worker-4] INFO  o.e.m.c.i.embedder.EclipseLogger - Copying 0 resource
2013-12-12 18:36:25,013 [Worker-4] WARN  o.e.m.c.i.embedder.EclipseLogger - Using platform encoding (UTF-8 actually) to copy filtered resources, i.e. build is platform dependent!
2013-12-12 18:36:25,014 [Worker-4] INFO  o.e.m.c.i.embedder.EclipseLogger - skip non existing resourceDirectory /home/landi/Escritorio/Nico/Informatorio/Java/practServlet/Ejer2/src/test/resources
2013-12-12 18:38:42,616 [Worker-0] WARN  o.e.m.c.i.embedder.EclipseLogger - Using platform encoding (UTF-8 actually) to copy filtered resources, i.e. build is platform dependent!
2013-12-12 18:38:42,628 [Worker-0] INFO  o.e.m.c.i.embedder.EclipseLogger - Copying 0 resource
2013-12-12 18:38:42,637 [Worker-0] WARN  o.e.m.c.i.embedder.EclipseLogger - Using platform encoding (UTF-8 actually) to copy filtered resources, i.e. build is platform dependent!
2013-12-12 18:38:42,638 [Worker-0] INFO  o.e.m.c.i.embedder.EclipseLogger - skip non existing resourceDirectory /home/landi/Escritorio/Nico/Informatorio/Java/practServlet/Ejer2/src/test/resources
2013-12-12 18:39:39,201 [Worker-4] WARN  o.e.m.c.i.embedder.EclipseLogger - Using platform encoding (UTF-8 actually) to copy filtered resources, i.e. build is platform dependent!
2013-12-12 18:39:39,209 [Worker-4] INFO  o.e.m.c.i.embedder.EclipseLogger - Copying 1 resource
2013-12-12 18:39:39,228 [Worker-4] WARN  o.e.m.c.i.embedder.EclipseLogger - Using platform encoding (UTF-8 actually) to copy filtered resources, i.e. build is platform dependent!
2013-12-12 18:39:39,230 [Worker-4] INFO  o.e.m.c.i.embedder.EclipseLogger - skip non existing resourceDirectory /home/landi/Escritorio/Nico/Informatorio/Java/practServlet/Ejer2/src/test/resources
2013-12-12 18:44:21,783 [Worker-11] WARN  o.e.m.c.i.embedder.EclipseLogger - Using platform encoding (UTF-8 actually) to copy filtered resources, i.e. build is platform dependent!
2013-12-12 18:44:21,828 [Worker-11] INFO  o.e.m.c.i.embedder.EclipseLogger - Copying 1 resource
2013-12-12 18:44:21,835 [Worker-11] WARN  o.e.m.c.i.embedder.EclipseLogger - Using platform encoding (UTF-8 actually) to copy filtered resources, i.e. build is platform dependent!
2013-12-12 18:44:21,836 [Worker-11] INFO  o.e.m.c.i.embedder.EclipseLogger - skip non existing resourceDirectory /home/landi/Escritorio/Nico/Informatorio/Java/practServlet/Ejer2/src/test/resources
2013-12-12 18:55:37,196 [Worker-11] WARN  o.e.m.c.i.embedder.EclipseLogger - Using platform encoding (UTF-8 actually) to copy filtered resources, i.e. build is platform dependent!
2013-12-12 18:55:37,261 [Worker-11] INFO  o.e.m.c.i.embedder.EclipseLogger - Copying 0 resource
2013-12-12 18:55:37,368 [Worker-11] WARN  o.e.m.c.i.embedder.EclipseLogger - Using platform encoding (UTF-8 actually) to copy filtered resources, i.e. build is platform dependent!
2013-12-12 18:55:37,369 [Worker-11] INFO  o.e.m.c.i.embedder.EclipseLogger - skip non existing resourceDirectory /home/landi/Escritorio/Nico/Informatorio/Java/practServlet/Ejer2/src/test/resources
2013-12-12 18:56:09,883 [Worker-4] WARN  o.e.m.c.i.embedder.EclipseLogger - Using platform encoding (UTF-8 actually) to copy filtered resources, i.e. build is platform dependent!
2013-12-12 18:56:09,892 [Worker-4] INFO  o.e.m.c.i.embedder.EclipseLogger - Copying 0 resource
2013-12-12 18:56:09,900 [Worker-4] WARN  o.e.m.c.i.embedder.EclipseLogger - Using platform encoding (UTF-8 actually) to copy filtered resources, i.e. build is platform dependent!
2013-12-12 18:56:09,902 [Worker-4] INFO  o.e.m.c.i.embedder.EclipseLogger - skip non existing resourceDirectory /home/landi/Escritorio/Nico/Informatorio/Java/practServlet/Ejer2/src/test/resources
2013-12-12 18:56:26,005 [Worker-13] WARN  o.e.m.c.i.embedder.EclipseLogger - Using platform encoding (UTF-8 actually) to copy filtered resources, i.e. build is platform dependent!
2013-12-12 18:56:26,007 [Worker-13] INFO  o.e.m.c.i.embedder.EclipseLogger - Copying 0 resource
2013-12-12 18:56:26,016 [Worker-13] WARN  o.e.m.c.i.embedder.EclipseLogger - Using platform encoding (UTF-8 actually) to copy filtered resources, i.e. build is platform dependent!
2013-12-12 18:56:26,037 [Worker-13] INFO  o.e.m.c.i.embedder.EclipseLogger - skip non existing resourceDirectory /home/landi/Escritorio/Nico/Informatorio/Java/practServlet/Ejer2/src/test/resources
2013-12-12 19:00:36,116 [Worker-5] WARN  o.e.m.c.i.embedder.EclipseLogger - Using platform encoding (UTF-8 actually) to copy filtered resources, i.e. build is platform dependent!
2013-12-12 19:00:36,185 [Worker-5] INFO  o.e.m.c.i.embedder.EclipseLogger - Copying 1 resource
2013-12-12 19:00:36,220 [Worker-5] WARN  o.e.m.c.i.embedder.EclipseLogger - Using platform encoding (UTF-8 actually) to copy filtered resources, i.e. build is platform dependent!
2013-12-12 19:00:36,221 [Worker-5] INFO  o.e.m.c.i.embedder.EclipseLogger - skip non existing resourceDirectory /home/landi/Escritorio/Nico/Informatorio/Java/practServlet/Ejer2/src/test/resources
2013-12-12 19:00:37,949 [Worker-5] WARN  o.e.m.c.i.embedder.EclipseLogger - Using platform encoding (UTF-8 actually) to copy filtered resources, i.e. build is platform dependent!
2013-12-12 19:00:37,977 [Worker-5] INFO  o.e.m.c.i.embedder.EclipseLogger - Copying 0 resource
2013-12-12 19:00:37,988 [Worker-5] WARN  o.e.m.c.i.embedder.EclipseLogger - Using platform encoding (UTF-8 actually) to copy filtered resources, i.e. build is platform dependent!
2013-12-12 19:00:37,989 [Worker-5] INFO  o.e.m.c.i.embedder.EclipseLogger - skip non existing resourceDirectory /home/landi/Escritorio/Nico/Informatorio/Java/practServlet/Ejer2/src/test/resources
2013-12-12 19:00:53,940 [Worker-2] WARN  o.e.m.c.i.embedder.EclipseLogger - Using platform encoding (UTF-8 actually) to copy filtered resources, i.e. build is platform dependent!
2013-12-12 19:00:53,947 [Worker-2] INFO  o.e.m.c.i.embedder.EclipseLogger - Copying 1 resource
2013-12-12 19:00:53,961 [Worker-2] WARN  o.e.m.c.i.embedder.EclipseLogger - Using platform encoding (UTF-8 actually) to copy filtered resources, i.e. build is platform dependent!
2013-12-12 19:00:53,962 [Worker-2] INFO  o.e.m.c.i.embedder.EclipseLogger - skip non existing resourceDirectory /home/landi/Escritorio/Nico/Informatorio/Java/practServlet/Ejer2/src/test/resources
2013-12-12 19:01:08,052 [Worker-5] WARN  o.e.m.c.i.embedder.EclipseLogger - Using platform encoding (UTF-8 actually) to copy filtered resources, i.e. build is platform dependent!
2013-12-12 19:01:08,054 [Worker-5] INFO  o.e.m.c.i.embedder.EclipseLogger - Copying 0 resource
2013-12-12 19:01:08,062 [Worker-5] WARN  o.e.m.c.i.embedder.EclipseLogger - Using platform encoding (UTF-8 actually) to copy filtered resources, i.e. build is platform dependent!
2013-12-12 19:01:08,063 [Worker-5] INFO  o.e.m.c.i.embedder.EclipseLogger - skip non existing resourceDirectory /home/landi/Escritorio/Nico/Informatorio/Java/practServlet/Ejer2/src/test/resources
2013-12-12 19:06:04,931 [Worker-0] WARN  o.e.m.c.i.embedder.EclipseLogger - Using platform encoding (UTF-8 actually) to copy filtered resources, i.e. build is platform dependent!
2013-12-12 19:06:04,935 [Worker-0] INFO  o.e.m.c.i.embedder.EclipseLogger - Copying 1 resource
2013-12-12 19:06:04,944 [Worker-0] WARN  o.e.m.c.i.embedder.EclipseLogger - Using platform encoding (UTF-8 actually) to copy filtered resources, i.e. build is platform dependent!
2013-12-12 19:06:04,946 [Worker-0] INFO  o.e.m.c.i.embedder.EclipseLogger - skip non existing resourceDirectory /home/landi/Escritorio/Nico/Informatorio/Java/practServlet/Ejer2/src/test/resources
2013-12-12 19:06:14,116 [Worker-0] WARN  o.e.m.c.i.embedder.EclipseLogger - Using platform encoding (UTF-8 actually) to copy filtered resources, i.e. build is platform dependent!
2013-12-12 19:06:14,120 [Worker-0] INFO  o.e.m.c.i.embedder.EclipseLogger - Copying 1 resource
2013-12-12 19:06:14,129 [Worker-0] WARN  o.e.m.c.i.embedder.EclipseLogger - Using platform encoding (UTF-8 actually) to copy filtered resources, i.e. build is platform dependent!
2013-12-12 19:06:14,131 [Worker-0] INFO  o.e.m.c.i.embedder.EclipseLogger - skip non existing resourceDirectory /home/landi/Escritorio/Nico/Informatorio/Java/practServlet/Ejer2/src/test/resources
2013-12-12 19:06:59,410 [Worker-10] WARN  o.e.m.c.i.embedder.EclipseLogger - Using platform encoding (UTF-8 actually) to copy filtered resources, i.e. build is platform dependent!
2013-12-12 19:06:59,413 [Worker-10] INFO  o.e.m.c.i.embedder.EclipseLogger - Copying 1 resource
2013-12-12 19:06:59,422 [Worker-10] WARN  o.e.m.c.i.embedder.EclipseLogger - Using platform encoding (UTF-8 actually) to copy filtered resources, i.e. build is platform dependent!
2013-12-12 19:06:59,424 [Worker-10] INFO  o.e.m.c.i.embedder.EclipseLogger - skip non existing resourceDirectory /home/landi/Escritorio/Nico/Informatorio/Java/practServlet/Ejer2/src/test/resources
2013-12-12 19:09:10,723 [Worker-7] WARN  o.e.m.c.i.embedder.EclipseLogger - Using platform encoding (UTF-8 actually) to copy filtered resources, i.e. build is platform dependent!
2013-12-12 19:09:10,736 [Worker-7] INFO  o.e.m.c.i.embedder.EclipseLogger - Copying 1 resource
2013-12-12 19:09:10,747 [Worker-7] WARN  o.e.m.c.i.embedder.EclipseLogger - Using platform encoding (UTF-8 actually) to copy filtered resources, i.e. build is platform dependent!
2013-12-12 19:09:10,748 [Worker-7] INFO  o.e.m.c.i.embedder.EclipseLogger - skip non existing resourceDirectory /home/landi/Escritorio/Nico/Informatorio/Java/practServlet/Ejer2/src/test/resources
2013-12-12 19:09:18,997 [Worker-12] WARN  o.e.m.c.i.embedder.EclipseLogger - Using platform encoding (UTF-8 actually) to copy filtered resources, i.e. build is platform dependent!
2013-12-12 19:09:19,002 [Worker-12] INFO  o.e.m.c.i.embedder.EclipseLogger - Copying 0 resource
2013-12-12 19:09:19,009 [Worker-12] WARN  o.e.m.c.i.embedder.EclipseLogger - Using platform encoding (UTF-8 actually) to copy filtered resources, i.e. build is platform dependent!
2013-12-12 19:09:19,011 [Worker-12] INFO  o.e.m.c.i.embedder.EclipseLogger - skip non existing resourceDirectory /home/landi/Escritorio/Nico/Informatorio/Java/practServlet/Ejer2/src/test/resources
2013-12-12 19:11:14,893 [Worker-7] WARN  o.e.m.c.i.embedder.EclipseLogger - Using platform encoding (UTF-8 actually) to copy filtered resources, i.e. build is platform dependent!
2013-12-12 19:11:14,897 [Worker-7] INFO  o.e.m.c.i.embedder.EclipseLogger - Copying 1 resource
2013-12-12 19:11:14,915 [Worker-7] WARN  o.e.m.c.i.embedder.EclipseLogger - Using platform encoding (UTF-8 actually) to copy filtered resources, i.e. build is platform dependent!
2013-12-12 19:11:14,916 [Worker-7] INFO  o.e.m.c.i.embedder.EclipseLogger - skip non existing resourceDirectory /home/landi/Escritorio/Nico/Informatorio/Java/practServlet/Ejer2/src/test/resources
2013-12-12 19:11:22,915 [Worker-12] WARN  o.e.m.c.i.embedder.EclipseLogger - Using platform encoding (UTF-8 actually) to copy filtered resources, i.e. build is platform dependent!
2013-12-12 19:11:22,918 [Worker-12] INFO  o.e.m.c.i.embedder.EclipseLogger - Copying 1 resource
2013-12-12 19:11:22,927 [Worker-12] WARN  o.e.m.c.i.embedder.EclipseLogger - Using platform encoding (UTF-8 actually) to copy filtered resources, i.e. build is platform dependent!
2013-12-12 19:11:22,929 [Worker-12] INFO  o.e.m.c.i.embedder.EclipseLogger - skip non existing resourceDirectory /home/landi/Escritorio/Nico/Informatorio/Java/practServlet/Ejer2/src/test/resources
2013-12-12 19:12:10,455 [Worker-9] WARN  o.e.m.c.i.embedder.EclipseLogger - Using platform encoding (UTF-8 actually) to copy filtered resources, i.e. build is platform dependent!
2013-12-12 19:12:10,457 [Worker-9] INFO  o.e.m.c.i.embedder.EclipseLogger - Copying 0 resource
2013-12-12 19:12:10,469 [Worker-9] WARN  o.e.m.c.i.embedder.EclipseLogger - Using platform encoding (UTF-8 actually) to copy filtered resources, i.e. build is platform dependent!
2013-12-12 19:12:10,471 [Worker-9] INFO  o.e.m.c.i.embedder.EclipseLogger - skip non existing resourceDirectory /home/landi/Escritorio/Nico/Informatorio/Java/practServlet/Ejer2/src/test/resources
